<?xml version="1.0" encoding="UTF-8"?>
<!-- Generated by org.testng.reporters.JUnitReportReporter -->
<testsuite skipped="0" hostname="PDYM25.local" name="Citygoo.Automation.Regression.mobile.Citygoo.Automation.Regression.mobile.WelcomeScreen" tests="1" failures="0" timestamp="31 Jan 2018 12:05:30 GMT" time="6.394" errors="0">
  <testcase name="WelcomescreenTest" time="6.394" classname="Citygoo.Automation.Regression.mobile.Citygoo.Automation.Regression.mobile.WelcomeScreen"/>
</testsuite> <!-- Citygoo.Automation.Regression.mobile.Citygoo.Automation.Regression.mobile.WelcomeScreen -->
